<?xml version="1.0" encoding="UTF-8"?>
<!-- Generated by org.testng.reporters.JUnitXMLReporter -->
<testsuite ignored="0" hostname="DESKTOP-T1OGAO3" failures="1" tests="1" name="firefox" time="7.012" errors="0" timestamp="14 Mar 2024 14:44:16 GMT">
  <testcase classname="TestNGExecution.Parameterization" name="validLogin" time="7.0">
    <failure type="java.lang.NullPointerException" message="Cannot invoke &amp;quot;org.openqa.selenium.WebDriver.manage()&amp;quot; because &amp;quot;TestNGExecution.Parameterization.driver&amp;quot; is null">
      <![CDATA[java.lang.NullPointerException: Cannot invoke "org.openqa.selenium.WebDriver.manage()" because "TestNGExecution.Parameterization.driver" is null
at TestNGExecution.Parameterization.validLogin(Parameterization.java:36)
... Removed 25 stack frames]]>
    </failure>
  </testcase> <!-- validLogin -->
</testsuite> <!-- firefox -->
