<?xml version="1.0" encoding="UTF-8"?>
<!-- Generated by org.testng.reporters.JUnitXMLReporter -->
<testsuite ignored="1" hostname="DESKTOP-T1OGAO3" failures="0" tests="2" name="Test" time="77.565" errors="0" timestamp="14 Apr 2024 11:30:06 GMT">
  <testcase classname="TestNGExecution.Demo" name="demo" time="58.797"/>
  <testcase classname="TestNGExecution.Remo" name="remo" time="18.651"/>
  <testcase classname="TestNGExecution.Sumo" name="sumo" time="0.0">
    <ignored/>
  </testcase> <!-- sumo -->
</testsuite> <!-- Test -->
